<?xml version="1.0" encoding="utf-8"?><testsuites name="pytest tests"><testsuite name="pytest" errors="0" failures="0" skipped="0" tests="22" time="4.267" timestamp="2026-04-28T17:59:21.163162+00:00" hostname="agent-env-66c433ef-977d-4d0f-b774-4849f1543c33"><testcase classname="backend.tests.test_iteration2.TestAuth" name="test_register_creates_user_and_returns_session" time="0.572" /><testcase classname="backend.tests.test_iteration2.TestAuth" name="test_register_duplicate_email_returns_409" time="0.105" /><testcase classname="backend.tests.test_iteration2.TestAuth" name="test_login_admin_seeded" time="0.319" /><testcase classname="backend.tests.test_iteration2.TestAuth" name="test_login_wrong_password_401" time="0.289" /><testcase classname="backend.tests.test_iteration2.TestAuth" name="test_login_tenant_role" time="0.316" /><testcase classname="backend.tests.test_iteration2.TestAuth" name="test_me_works_with_cookie" time="0.353" /><testcase classname="backend.tests.test_iteration2.TestContractSignAndPDF" name="test_sign_with_signature_image_persists" time="0.547" /><testcase classname="backend.tests.test_iteration2.TestContractSignAndPDF" name="test_sign_without_signature_image_still_works" time="0.096" /><testcase classname="backend.tests.test_iteration2.TestContractSignAndPDF" name="test_pdf_admin" time="0.128" /><testcase classname="backend.tests.test_iteration2.TestContractSignAndPDF" name="test_pdf_tenant_owner_can_download" time="0.397" /><testcase classname="backend.tests.test_iteration2.TestContractSignAndPDF" name="test_pdf_tenant_other_contract_403" time="0.072" /><testcase classname="backend.tests.test_iteration2.TestReminders" name="test_remind_admin_simulated" time="0.070" /><testcase classname="backend.tests.test_iteration2.TestReminders" name="test_remind_tenant_403" time="0.092" /><testcase classname="backend.tests.test_iteration2.TestReminders" name="test_run_auto_reminders_admin" time="0.088" /><testcase classname="backend.tests.test_iteration2.TestReminders" name="test_run_auto_reminders_tenant_403" time="0.076" /><testcase classname="backend.tests.test_iteration2.TestArco" name="test_create_arco_no_auth" time="0.103" /><testcase classname="backend.tests.test_iteration2.TestArco" name="test_list_arco_admin" time="0.074" /><testcase classname="backend.tests.test_iteration2.TestArco" name="test_list_arco_tenant_403" time="0.088" /><testcase classname="backend.tests.test_iteration2.TestArco" name="test_update_arco_admin" time="0.079" /><testcase classname="backend.tests.test_iteration2.TestArco" name="test_update_arco_tenant_403" time="0.129" /><testcase classname="backend.tests.test_iteration2.TestAudit" name="test_audit_admin_returns_logs" time="0.083" /><testcase classname="backend.tests.test_iteration2.TestAudit" name="test_audit_tenant_403" time="0.123" /></testsuite></testsuites>