<?xml version="1.0" encoding="utf-8"?><testsuites name="pytest tests"><testsuite name="pytest" errors="0" failures="0" skipped="0" tests="17" time="9.329" timestamp="2026-04-28T18:19:26.256010+00:00" hostname="agent-env-66c433ef-977d-4d0f-b774-4849f1543c33"><testcase classname="backend.tests.test_iteration3.TestForgotResetPassword" name="test_forgot_existing_email_returns_ok" time="0.108" /><testcase classname="backend.tests.test_iteration3.TestForgotResetPassword" name="test_forgot_nonexistent_email_also_returns_ok" time="0.084" /><testcase classname="backend.tests.test_iteration3.TestForgotResetPassword" name="test_reset_invalid_token_rejected" time="0.075" /><testcase classname="backend.tests.test_iteration3.TestForgotResetPassword" name="test_full_reset_flow_via_db" time="1.559" /><testcase classname="backend.tests.test_iteration3.TestBruteForce" name="test_lockout_after_5_fails" time="0.712" /><testcase classname="backend.tests.test_iteration3.TestBruteForce" name="test_successful_login_clears_attempts" time="2.523" /><testcase classname="backend.tests.test_iteration3.TestPaymentsCheckout" name="test_checkout_requires_admin" time="0.382" /><testcase classname="backend.tests.test_iteration3.TestPaymentsCheckout" name="test_checkout_unknown_contract_404" time="0.326" /><testcase classname="backend.tests.test_iteration3.TestPaymentsCheckout" name="test_checkout_creates_session_and_tx" time="0.810" /><testcase classname="backend.tests.test_iteration3.TestPaymentsCheckout" name="test_checkout_ignores_client_amount" time="0.681" /><testcase classname="backend.tests.test_iteration3.TestPaymentsCheckout" name="test_status_endpoint_returns_stripe_status" time="1.084" /><testcase classname="backend.tests.test_iteration3.TestPaymentsCheckout" name="test_status_unknown_session_404" time="0.076" /><testcase classname="backend.tests.test_iteration3.TestReminderWithPaymentLink" name="test_remind_with_payment_link" time="0.641" /><testcase classname="backend.tests.test_iteration3.TestReminderWithPaymentLink" name="test_remind_without_payment_link" time="0.035" /><testcase classname="backend.tests.test_iteration3.TestReminderWithPaymentLink" name="test_remind_tenant_forbidden" time="0.068" /><testcase classname="backend.tests.test_iteration3.TestDashboardSeries" name="test_admin_series_shape" time="0.070" /><testcase classname="backend.tests.test_iteration3.TestDashboardSeries" name="test_tenant_can_call_series" time="0.029" /></testsuite></testsuites>