<?xml version="1.0" encoding="utf-8"?><testsuites name="pytest tests"><testsuite name="pytest" errors="0" failures="0" skipped="0" tests="16" time="15.614" timestamp="2026-04-28T15:37:41.272631+00:00" hostname="agent-env-66c433ef-977d-4d0f-b774-4849f1543c33"><testcase classname="backend.tests.test_revant_api" name="test_root" time="1.218" /><testcase classname="backend.tests.test_revant_api" name="test_me_unauth" time="1.045" /><testcase classname="backend.tests.test_revant_api" name="test_me_admin" time="0.787" /><testcase classname="backend.tests.test_revant_api" name="test_me_tenant" time="0.788" /><testcase classname="backend.tests.test_revant_api" name="test_role_switch" time="1.562" /><testcase classname="backend.tests.test_revant_api" name="test_properties_admin" time="0.828" /><testcase classname="backend.tests.test_revant_api" name="test_properties_tenant_filtered" time="0.804" /><testcase classname="backend.tests.test_revant_api" name="test_contracts_admin" time="0.745" /><testcase classname="backend.tests.test_revant_api" name="test_contracts_tenant_filtered" time="0.798" /><testcase classname="backend.tests.test_revant_api" name="test_contract_detail" time="0.735" /><testcase classname="backend.tests.test_revant_api" name="test_contract_detail_403_for_other_tenant" time="0.756" /><testcase classname="backend.tests.test_revant_api" name="test_sign_contract" time="1.757" /><testcase classname="backend.tests.test_revant_api" name="test_status_update_admin" time="1.504" /><testcase classname="backend.tests.test_revant_api" name="test_status_update_tenant_forbidden" time="0.704" /><testcase classname="backend.tests.test_revant_api" name="test_kpis_admin" time="0.695" /><testcase classname="backend.tests.test_revant_api" name="test_kpis_tenant" time="0.725" /></testsuite></testsuites>